[19:36:22] [main/INFO] (FabricLoader/GameProvider) Loading Minecraft 1.19.4 with Fabric Loader 0.14.19
[19:36:22] [main/INFO] (FabricLoader) Loading 38 mods:
	- fabric-api 0.78.0+1.19.4
	- fabric-api-base 0.4.23+9ff28bcef4
	- fabric-api-lookup-api-v1 1.6.24+49abcf7ef4
	- fabric-biome-api-v1 13.0.6+348a9c64f4
	- fabric-block-api-v1 1.0.5+e022e5d1f4
	- fabric-command-api-v2 2.2.5+e719b857f4
	- fabric-content-registries-v0 3.5.8+ae0966baf4
	- fabric-convention-tags-v1 1.4.0+9a7c5daaf4
	- fabric-crash-report-info-v1 0.2.14+aeb40ebef4
	- fabric-data-generation-api-v1 11.3.7+5da15ca1f4
	- fabric-dimensions-v1 2.1.44+7f87f8faf4
	- fabric-entity-events-v1 1.5.12+e45f7c65f4
	- fabric-events-interaction-v0 0.4.42+a1ccd7bff4
	- fabric-game-rule-api-v1 1.0.32+a1ccd7bff4
	- fabric-gametest-api-v1 1.2.3+ae0966baf4
	- fabric-item-api-v1 2.1.16+09a3510cf4
	- fabric-item-group-api-v1 3.0.4+043f9acff4
	- fabric-language-kotlin 1.9.3+kotlin.1.8.20
	- fabric-lifecycle-events-v1 2.2.14+5da15ca1f4
	- fabric-loot-api-v2 1.1.26+75e98211f4
	- fabric-message-api-v1 5.1.0+1ee8be40f4
	- fabric-mining-level-api-v1 2.1.38+49abcf7ef4
	- fabric-networking-api-v1 1.3.0+a6f3ccfaf4
	- fabric-object-builder-api-v1 7.0.2+63b515f4f4
	- fabric-particles-v1 1.0.22+f1e4495bf4
	- fabric-recipe-api-v1 1.0.7+a1ccd7bff4
	- fabric-registry-sync-v0 2.1.3+a383ab97f4
	- fabric-rendering-data-attachment-v1 0.3.27+afca2f3ef4
	- fabric-rendering-fluids-v1 3.0.20+f1e4495bf4
	- fabric-resource-conditions-api-v1 2.3.0+e6c7d4eef4
	- fabric-resource-loader-v0 0.11.1+1e1fb126f4
	- fabric-screen-handler-api-v1 1.3.19+5da15ca1f4
	- fabric-transfer-api-v1 3.1.0+d51205dbf4
	- fabric-transitive-access-wideners-v1 3.0.2+63b515f4f4
	- fabricloader 0.14.19
	- fabrictesting 0.1-dev1
	- java 17
	- minecraft 1.19.4
[19:36:22] [main/INFO] (FabricLoader/Mixin) SpongePowered MIXIN Subsystem Version=0.8.5 Source=file:/C:/Users/caled/.gradle/caches/modules-2/files-2.1/net.fabricmc/sponge-mixin/0.12.4+mixin.0.8.5/e13b4069fe3555969811d4474f78576c707bbe1c/sponge-mixin-0.12.4+mixin.0.8.5.jar Service=Knot/Fabric Env=SERVER
[19:36:23] [main/INFO] (FabricLoader/Mixin) Loaded Fabric development mappings for mixin remapper!
[19:36:23] [main/INFO] (FabricLoader/Mixin) Compatibility level set to JAVA_16
[19:36:23] [main/INFO] (FabricLoader/Mixin) Compatibility level set to JAVA_17
[19:36:32] [main/INFO] (Minecraft) [STDOUT]: Hello Fabric world!
[19:36:32] [main/WARN] (ModNioResourcePack) Fabric NioResourcePack: ignored invalid namespace: FabricTesting2 in mod ID fabrictesting
[19:36:32] [main/WARN] (ModNioResourcePack) Fabric NioResourcePack: ignored invalid namespace: FabricTesting2 in mod ID fabrictesting
[19:36:32] [main/INFO] (Minecraft) Environment: authHost='https://authserver.mojang.com', accountsHost='https://api.mojang.com', sessionHost='https://sessionserver.mojang.com', servicesHost='https://api.minecraftservices.com', name='PROD'
[19:36:32] [main/WARN] (ModNioResourcePack) Fabric NioResourcePack: ignored invalid namespace: FabricTesting2 in mod ID fabrictesting
[19:36:33] [main/INFO] (Minecraft) Loaded 7 recipes
[19:36:34] [main/INFO] (Minecraft) Loaded 1179 advancements
[19:36:34] [main/INFO] (BiomeModificationImpl) Applied 0 biome modifications to 0 of 63 new biomes in 1.631 ms
[19:36:34] [Server thread/INFO] (Minecraft) Starting minecraft server version 1.19.4
[19:36:34] [Server thread/INFO] (Minecraft) Loading properties
[19:36:34] [Server thread/INFO] (Minecraft) Default game type: SURVIVAL
[19:36:34] [Server thread/INFO] (Minecraft) Generating keypair
[19:36:34] [Server thread/INFO] (Minecraft) Starting Minecraft server on *:25565
[19:36:34] [Server thread/INFO] (Minecraft) Using default channel type
[19:36:35] [Server thread/INFO] (Minecraft) Preparing level "world"
[19:36:36] [Server thread/INFO] (Minecraft) Preparing start region for dimension minecraft:overworld
[19:36:38] [Worker-Main-4/WARN] (ModNioResourcePack) Fabric NioResourcePack: ignored invalid namespace: FabricTesting2 in mod ID fabrictesting
[19:36:38] [Worker-Main-4/INFO] (Minecraft) Preparing spawn area: 0%
[19:36:38] [Worker-Main-3/INFO] (Minecraft) Preparing spawn area: 0%
[19:36:38] [Worker-Main-3/INFO] (Minecraft) Preparing spawn area: 0%
[19:36:38] [Worker-Main-3/INFO] (Minecraft) Preparing spawn area: 0%
[19:36:38] [Worker-Main-6/INFO] (Minecraft) Preparing spawn area: 9%
[19:36:38] [Worker-Main-1/INFO] (Minecraft) Preparing spawn area: 71%
[19:36:39] [Worker-Main-2/INFO] (Minecraft) Preparing spawn area: 85%
[19:36:39] [Worker-Main-6/INFO] (Minecraft) Preparing spawn area: 96%
[19:36:39] [Server thread/INFO] (Minecraft) Time elapsed: 3590 ms
[19:36:39] [Server thread/INFO] (Minecraft) Done (4.904s)! For help, type "help"
[19:36:56] [User Authenticator #1/INFO] (Minecraft) UUID of player Caledonian_ is 91de2098-0f3e-483b-9971-b0ead5141bde
[19:36:56] [Server thread/INFO] (Minecraft) Caledonian_[/127.0.0.1:56359] logged in with entity id 208 at (-92.26474226552486, 97.16610926093821, -100.465227884462)
[19:36:57] [Server thread/INFO] (Minecraft) Caledonian_ joined the game
[19:36:57] [Server thread/WARN] (Minecraft) UUID of added entity already exists: BeeEntity['Bee'/288, l='ServerLevel[world]', x=-114.21, y=71.28, z=-272.04]
[19:36:58] [Server thread/WARN] (Minecraft) UUID of added entity already exists: BeeEntity['Bee'/302, l='ServerLevel[world]', x=-272.00, y=75.12, z=10.89]
